1762588376: mosquitto version 2.0.22 starting
1762588376: Using default config.
1762588376: Starting in local only mode. Connections will only be possible from clients running on this machine.
1762588376: Create a configuration file which defines a listener to allow remote access.
1762588376: For more details see https://mosquitto.org/documentation/authentication-methods/
1762588376: Opening ipv4 listen socket on port 1888.
1762588376: Opening ipv6 listen socket on port 1888.
1762588376: mosquitto version 2.0.22 running
1762588453: New connection from ::1:54392 on port 1888.
1762588453: New client connected from ::1:54392 as illuminate-bridge-1762588453 (p2, c1, k30).
1762588453: No will message specified.
1762588453: Sending CONNACK to illuminate-bridge-1762588453 (0, 0)
1762588453: Received SUBSCRIBE from illuminate-bridge-1762588453
1762588453: 	mission/drone/1/command (QoS 0)
1762588453: illuminate-bridge-1762588453 0 mission/drone/1/command
1762588453: Sending SUBACK to illuminate-bridge-1762588453
1762588479: New connection from ::1:54395 on port 1888.
1762588479: New client connected from ::1:54395 as auto-4B8F5736-9C52-0E68-BEB8-476190890425 (p2, c1, k60).
1762588479: No will message specified.
1762588479: Sending CONNACK to auto-4B8F5736-9C52-0E68-BEB8-476190890425 (0, 0)
1762588479: Received PUBLISH from auto-4B8F5736-9C52-0E68-BEB8-476190890425 (d0, q0, r0, m0, 'mission/drone/1/command', ... (13 bytes))
1762588479: Sending PUBLISH to illuminate-bridge-1762588453 (d0, q0, r0, m0, 'mission/drone/1/command', ... (13 bytes))
1762588479: Received DISCONNECT from auto-4B8F5736-9C52-0E68-BEB8-476190890425
1762588479: Client auto-4B8F5736-9C52-0E68-BEB8-476190890425 disconnected.
1762588483: Received PINGREQ from illuminate-bridge-1762588453
1762588483: Sending PINGRESP to illuminate-bridge-1762588453
1762588483: New connection from ::1:54396 on port 1888.
1762588483: New client connected from ::1:54396 as auto-AF9A3568-A05D-FE83-AC78-30BA480ACF3F (p2, c1, k60).
1762588483: No will message specified.
1762588483: Sending CONNACK to auto-AF9A3568-A05D-FE83-AC78-30BA480ACF3F (0, 0)
1762588483: Received PUBLISH from auto-AF9A3568-A05D-FE83-AC78-30BA480ACF3F (d0, q0, r0, m0, 'mission/drone/1/command', ... (28 bytes))
1762588483: Sending PUBLISH to illuminate-bridge-1762588453 (d0, q0, r0, m0, 'mission/drone/1/command', ... (28 bytes))
1762588483: Received DISCONNECT from auto-AF9A3568-A05D-FE83-AC78-30BA480ACF3F
1762588483: Client auto-AF9A3568-A05D-FE83-AC78-30BA480ACF3F disconnected.
1762588489: New connection from ::1:54397 on port 1888.
1762588489: New client connected from ::1:54397 as auto-00AEC3E2-BCC9-C541-A609-3800BD1C9A1C (p2, c1, k60).
1762588489: No will message specified.
1762588489: Sending CONNACK to auto-00AEC3E2-BCC9-C541-A609-3800BD1C9A1C (0, 0)
1762588489: Received PUBLISH from auto-00AEC3E2-BCC9-C541-A609-3800BD1C9A1C (d0, q0, r0, m0, 'mission/drone/1/command', ... (54 bytes))
1762588489: Sending PUBLISH to illuminate-bridge-1762588453 (d0, q0, r0, m0, 'mission/drone/1/command', ... (54 bytes))
1762588489: Received DISCONNECT from auto-00AEC3E2-BCC9-C541-A609-3800BD1C9A1C
1762588489: Client auto-00AEC3E2-BCC9-C541-A609-3800BD1C9A1C disconnected.
1762588494: New connection from ::1:54398 on port 1888.
1762588494: New client connected from ::1:54398 as auto-2FCF04EA-222F-834D-7EC8-12C872A188A1 (p2, c1, k60).
1762588494: No will message specified.
1762588494: Sending CONNACK to auto-2FCF04EA-222F-834D-7EC8-12C872A188A1 (0, 0)
1762588494: Received PUBLISH from auto-2FCF04EA-222F-834D-7EC8-12C872A188A1 (d0, q0, r0, m0, 'mission/drone/1/command', ... (14 bytes))
1762588494: Sending PUBLISH to illuminate-bridge-1762588453 (d0, q0, r0, m0, 'mission/drone/1/command', ... (14 bytes))
1762588494: Received DISCONNECT from auto-2FCF04EA-222F-834D-7EC8-12C872A188A1
1762588494: Client auto-2FCF04EA-222F-834D-7EC8-12C872A188A1 disconnected.
1762588498: New connection from ::1:54399 on port 1888.
1762588498: New client connected from ::1:54399 as auto-32FFC962-808F-2A89-2782-D59FD53124F4 (p2, c1, k60).
1762588498: No will message specified.
1762588498: Sending CONNACK to auto-32FFC962-808F-2A89-2782-D59FD53124F4 (0, 0)
1762588498: Received PUBLISH from auto-32FFC962-808F-2A89-2782-D59FD53124F4 (d0, q0, r0, m0, 'mission/drone/1/command', ... (16 bytes))
1762588498: Sending PUBLISH to illuminate-bridge-1762588453 (d0, q0, r0, m0, 'mission/drone/1/command', ... (16 bytes))
1762588498: Received DISCONNECT from auto-32FFC962-808F-2A89-2782-D59FD53124F4
1762588498: Client auto-32FFC962-808F-2A89-2782-D59FD53124F4 disconnected.
1762588514: Received PINGREQ from illuminate-bridge-1762588453
1762588514: Sending PINGRESP to illuminate-bridge-1762588453
1762588532: New connection from ::1:54400 on port 1888.
1762588532: New client connected from ::1:54400 as auto-5D8847D5-6A62-4045-16B1-B8FC40E9FDF1 (p2, c1, k60).
1762588532: No will message specified.
1762588532: Sending CONNACK to auto-5D8847D5-6A62-4045-16B1-B8FC40E9FDF1 (0, 0)
1762588532: Received PUBLISH from auto-5D8847D5-6A62-4045-16B1-B8FC40E9FDF1 (d0, q0, r0, m0, 'mission/drone/1/command', ... (13 bytes))
1762588532: Sending PUBLISH to illuminate-bridge-1762588453 (d0, q0, r0, m0, 'mission/drone/1/command', ... (13 bytes))
1762588532: Received DISCONNECT from auto-5D8847D5-6A62-4045-16B1-B8FC40E9FDF1
1762588532: Client auto-5D8847D5-6A62-4045-16B1-B8FC40E9FDF1 disconnected.
1762588536: New connection from ::1:54401 on port 1888.
1762588536: New client connected from ::1:54401 as auto-B90C5F1D-9B6E-1F81-28DD-7579E6BEF9C0 (p2, c1, k60).
1762588536: No will message specified.
1762588536: Sending CONNACK to auto-B90C5F1D-9B6E-1F81-28DD-7579E6BEF9C0 (0, 0)
1762588536: Received PUBLISH from auto-B90C5F1D-9B6E-1F81-28DD-7579E6BEF9C0 (d0, q0, r0, m0, 'mission/drone/1/command', ... (28 bytes))
1762588536: Sending PUBLISH to illuminate-bridge-1762588453 (d0, q0, r0, m0, 'mission/drone/1/command', ... (28 bytes))
1762588536: Received DISCONNECT from auto-B90C5F1D-9B6E-1F81-28DD-7579E6BEF9C0
1762588536: Client auto-B90C5F1D-9B6E-1F81-28DD-7579E6BEF9C0 disconnected.
1762588539: New connection from ::1:54402 on port 1888.
1762588539: New client connected from ::1:54402 as auto-7551662A-3273-F9AE-47F1-645359CC2B72 (p2, c1, k60).
1762588539: No will message specified.
1762588539: Sending CONNACK to auto-7551662A-3273-F9AE-47F1-645359CC2B72 (0, 0)
1762588539: Received PUBLISH from auto-7551662A-3273-F9AE-47F1-645359CC2B72 (d0, q0, r0, m0, 'mission/drone/1/command', ... (54 bytes))
1762588539: Sending PUBLISH to illuminate-bridge-1762588453 (d0, q0, r0, m0, 'mission/drone/1/command', ... (54 bytes))
1762588539: Received DISCONNECT from auto-7551662A-3273-F9AE-47F1-645359CC2B72
1762588539: Client auto-7551662A-3273-F9AE-47F1-645359CC2B72 disconnected.
1762588542: New connection from ::1:54403 on port 1888.
1762588542: New client connected from ::1:54403 as auto-6CDA779C-9D41-B8FF-BC15-2F701FF27C8B (p2, c1, k60).
1762588542: No will message specified.
1762588542: Sending CONNACK to auto-6CDA779C-9D41-B8FF-BC15-2F701FF27C8B (0, 0)
1762588542: Received PUBLISH from auto-6CDA779C-9D41-B8FF-BC15-2F701FF27C8B (d0, q0, r0, m0, 'mission/drone/1/command', ... (14 bytes))
1762588542: Sending PUBLISH to illuminate-bridge-1762588453 (d0, q0, r0, m0, 'mission/drone/1/command', ... (14 bytes))
1762588542: Received DISCONNECT from auto-6CDA779C-9D41-B8FF-BC15-2F701FF27C8B
1762588542: Client auto-6CDA779C-9D41-B8FF-BC15-2F701FF27C8B disconnected.
1762588544: Received PINGREQ from illuminate-bridge-1762588453
1762588544: Sending PINGRESP to illuminate-bridge-1762588453
1762588545: New connection from ::1:54404 on port 1888.
1762588545: New client connected from ::1:54404 as auto-F6E60D42-5391-2C80-E66A-8A049B65A00F (p2, c1, k60).
1762588545: No will message specified.
1762588545: Sending CONNACK to auto-F6E60D42-5391-2C80-E66A-8A049B65A00F (0, 0)
1762588545: Received PUBLISH from auto-F6E60D42-5391-2C80-E66A-8A049B65A00F (d0, q0, r0, m0, 'mission/drone/1/command', ... (16 bytes))
1762588545: Sending PUBLISH to illuminate-bridge-1762588453 (d0, q0, r0, m0, 'mission/drone/1/command', ... (16 bytes))
1762588545: Received DISCONNECT from auto-F6E60D42-5391-2C80-E66A-8A049B65A00F
1762588545: Client auto-F6E60D42-5391-2C80-E66A-8A049B65A00F disconnected.
1762588565: New connection from ::1:54405 on port 1888.
1762588565: New client connected from ::1:54405 as auto-1C213FD3-1157-904C-8630-1705EBF869EA (p2, c1, k60).
1762588565: No will message specified.
1762588565: Sending CONNACK to auto-1C213FD3-1157-904C-8630-1705EBF869EA (0, 0)
1762588565: Received PUBLISH from auto-1C213FD3-1157-904C-8630-1705EBF869EA (d0, q0, r0, m0, 'mission/drone/1/command', ... (13 bytes))
1762588565: Sending PUBLISH to illuminate-bridge-1762588453 (d0, q0, r0, m0, 'mission/drone/1/command', ... (13 bytes))
1762588565: Received DISCONNECT from auto-1C213FD3-1157-904C-8630-1705EBF869EA
1762588565: Client auto-1C213FD3-1157-904C-8630-1705EBF869EA disconnected.
1762588571: New connection from ::1:54411 on port 1888.
1762588571: New client connected from ::1:54411 as auto-1F8B69ED-BEFD-3E26-9039-F8C896D758E4 (p2, c1, k60).
1762588571: No will message specified.
1762588571: Sending CONNACK to auto-1F8B69ED-BEFD-3E26-9039-F8C896D758E4 (0, 0)
1762588571: Received PUBLISH from auto-1F8B69ED-BEFD-3E26-9039-F8C896D758E4 (d0, q0, r0, m0, 'mission/drone/1/command', ... (28 bytes))
1762588571: Sending PUBLISH to illuminate-bridge-1762588453 (d0, q0, r0, m0, 'mission/drone/1/command', ... (28 bytes))
1762588571: Received DISCONNECT from auto-1F8B69ED-BEFD-3E26-9039-F8C896D758E4
1762588571: Client auto-1F8B69ED-BEFD-3E26-9039-F8C896D758E4 disconnected.
1762588575: Received PINGREQ from illuminate-bridge-1762588453
1762588575: Sending PINGRESP to illuminate-bridge-1762588453
1762588583: New connection from ::1:54412 on port 1888.
1762588583: New client connected from ::1:54412 as auto-29B26B4C-1642-804C-5119-346EC331DF56 (p2, c1, k60).
1762588583: No will message specified.
1762588583: Sending CONNACK to auto-29B26B4C-1642-804C-5119-346EC331DF56 (0, 0)
1762588583: Received PUBLISH from auto-29B26B4C-1642-804C-5119-346EC331DF56 (d0, q0, r0, m0, 'mission/drone/1/command', ... (55 bytes))
1762588583: Sending PUBLISH to illuminate-bridge-1762588453 (d0, q0, r0, m0, 'mission/drone/1/command', ... (55 bytes))
1762588583: Received DISCONNECT from auto-29B26B4C-1642-804C-5119-346EC331DF56
1762588583: Client auto-29B26B4C-1642-804C-5119-346EC331DF56 disconnected.
1762588590: New connection from ::1:54413 on port 1888.
1762588590: New client connected from ::1:54413 as auto-841D9628-5B32-6CA9-050A-6C0B3372ED4E (p2, c1, k60).
1762588590: No will message specified.
1762588590: Sending CONNACK to auto-841D9628-5B32-6CA9-050A-6C0B3372ED4E (0, 0)
1762588590: Received PUBLISH from auto-841D9628-5B32-6CA9-050A-6C0B3372ED4E (d0, q0, r0, m0, 'mission/drone/1/command', ... (54 bytes))
1762588590: Sending PUBLISH to illuminate-bridge-1762588453 (d0, q0, r0, m0, 'mission/drone/1/command', ... (54 bytes))
1762588590: Received DISCONNECT from auto-841D9628-5B32-6CA9-050A-6C0B3372ED4E
1762588590: Client auto-841D9628-5B32-6CA9-050A-6C0B3372ED4E disconnected.
1762588593: New connection from ::1:54414 on port 1888.
1762588593: New client connected from ::1:54414 as auto-8C81BA9D-9F97-55DF-886C-F5D31AF5FF3E (p2, c1, k60).
1762588593: No will message specified.
1762588593: Sending CONNACK to auto-8C81BA9D-9F97-55DF-886C-F5D31AF5FF3E (0, 0)
1762588593: Received PUBLISH from auto-8C81BA9D-9F97-55DF-886C-F5D31AF5FF3E (d0, q0, r0, m0, 'mission/drone/1/command', ... (14 bytes))
1762588593: Sending PUBLISH to illuminate-bridge-1762588453 (d0, q0, r0, m0, 'mission/drone/1/command', ... (14 bytes))
1762588593: Received DISCONNECT from auto-8C81BA9D-9F97-55DF-886C-F5D31AF5FF3E
1762588593: Client auto-8C81BA9D-9F97-55DF-886C-F5D31AF5FF3E disconnected.
1762588597: New connection from ::1:54415 on port 1888.
1762588597: New client connected from ::1:54415 as auto-A0422A65-CBBC-EB17-CE7B-8BB4BDEBF909 (p2, c1, k60).
1762588597: No will message specified.
1762588597: Sending CONNACK to auto-A0422A65-CBBC-EB17-CE7B-8BB4BDEBF909 (0, 0)
1762588597: Received PUBLISH from auto-A0422A65-CBBC-EB17-CE7B-8BB4BDEBF909 (d0, q0, r0, m0, 'mission/drone/1/command', ... (16 bytes))
1762588597: Sending PUBLISH to illuminate-bridge-1762588453 (d0, q0, r0, m0, 'mission/drone/1/command', ... (16 bytes))
1762588597: Received DISCONNECT from auto-A0422A65-CBBC-EB17-CE7B-8BB4BDEBF909
1762588597: Client auto-A0422A65-CBBC-EB17-CE7B-8BB4BDEBF909 disconnected.
1762588601: New connection from ::1:54416 on port 1888.
1762588601: New client connected from ::1:54416 as auto-A8F6E09D-DCC4-21BC-6E19-5CAC639A1D43 (p2, c1, k60).
1762588601: No will message specified.
1762588601: Sending CONNACK to auto-A8F6E09D-DCC4-21BC-6E19-5CAC639A1D43 (0, 0)
1762588601: Received PUBLISH from auto-A8F6E09D-DCC4-21BC-6E19-5CAC639A1D43 (d0, q0, r0, m0, 'mission/drone/1/command', ... (28 bytes))
1762588601: Sending PUBLISH to illuminate-bridge-1762588453 (d0, q0, r0, m0, 'mission/drone/1/command', ... (28 bytes))
1762588601: Received DISCONNECT from auto-A8F6E09D-DCC4-21BC-6E19-5CAC639A1D43
1762588601: Client auto-A8F6E09D-DCC4-21BC-6E19-5CAC639A1D43 disconnected.
1762588605: Received PINGREQ from illuminate-bridge-1762588453
1762588605: Sending PINGRESP to illuminate-bridge-1762588453
1762588607: New connection from ::1:54417 on port 1888.
1762588607: New client connected from ::1:54417 as auto-1C346AE1-E2CA-1C53-7F68-148E4A755F94 (p2, c1, k60).
1762588607: No will message specified.
1762588607: Sending CONNACK to auto-1C346AE1-E2CA-1C53-7F68-148E4A755F94 (0, 0)
1762588607: Received PUBLISH from auto-1C346AE1-E2CA-1C53-7F68-148E4A755F94 (d0, q0, r0, m0, 'mission/drone/1/command', ... (13 bytes))
1762588607: Sending PUBLISH to illuminate-bridge-1762588453 (d0, q0, r0, m0, 'mission/drone/1/command', ... (13 bytes))
1762588607: Received DISCONNECT from auto-1C346AE1-E2CA-1C53-7F68-148E4A755F94
1762588607: Client auto-1C346AE1-E2CA-1C53-7F68-148E4A755F94 disconnected.
1762588612: New connection from ::1:54418 on port 1888.
1762588612: New client connected from ::1:54418 as auto-BB16833D-75F1-AFA6-C7C1-EB6D45153D54 (p2, c1, k60).
1762588612: No will message specified.
1762588612: Sending CONNACK to auto-BB16833D-75F1-AFA6-C7C1-EB6D45153D54 (0, 0)
1762588612: Received PUBLISH from auto-BB16833D-75F1-AFA6-C7C1-EB6D45153D54 (d0, q0, r0, m0, 'mission/drone/1/command', ... (28 bytes))
1762588612: Sending PUBLISH to illuminate-bridge-1762588453 (d0, q0, r0, m0, 'mission/drone/1/command', ... (28 bytes))
1762588612: Received DISCONNECT from auto-BB16833D-75F1-AFA6-C7C1-EB6D45153D54
1762588612: Client auto-BB16833D-75F1-AFA6-C7C1-EB6D45153D54 disconnected.
1762588615: New connection from ::1:54419 on port 1888.
1762588615: New client connected from ::1:54419 as auto-61A33D3D-CFEB-4E6C-F0AB-21AED563DE2C (p2, c1, k60).
1762588615: No will message specified.
1762588615: Sending CONNACK to auto-61A33D3D-CFEB-4E6C-F0AB-21AED563DE2C (0, 0)
1762588615: Received PUBLISH from auto-61A33D3D-CFEB-4E6C-F0AB-21AED563DE2C (d0, q0, r0, m0, 'mission/drone/1/command', ... (16 bytes))
1762588615: Sending PUBLISH to illuminate-bridge-1762588453 (d0, q0, r0, m0, 'mission/drone/1/command', ... (16 bytes))
1762588615: Received DISCONNECT from auto-61A33D3D-CFEB-4E6C-F0AB-21AED563DE2C
1762588615: Client auto-61A33D3D-CFEB-4E6C-F0AB-21AED563DE2C disconnected.
1762588619: New connection from ::1:54420 on port 1888.
1762588619: New client connected from ::1:54420 as auto-94CFDD2D-89B6-91C7-7320-564759425B95 (p2, c1, k60).
1762588619: No will message specified.
1762588619: Sending CONNACK to auto-94CFDD2D-89B6-91C7-7320-564759425B95 (0, 0)
1762588619: Received PUBLISH from auto-94CFDD2D-89B6-91C7-7320-564759425B95 (d0, q0, r0, m0, 'mission/drone/1/command', ... (14 bytes))
1762588619: Sending PUBLISH to illuminate-bridge-1762588453 (d0, q0, r0, m0, 'mission/drone/1/command', ... (14 bytes))
1762588619: Received DISCONNECT from auto-94CFDD2D-89B6-91C7-7320-564759425B95
1762588619: Client auto-94CFDD2D-89B6-91C7-7320-564759425B95 disconnected.
1762588623: New connection from ::1:54421 on port 1888.
1762588623: New client connected from ::1:54421 as auto-BFDE84C7-AFCE-08DA-D8DC-D75F964C5C2C (p2, c1, k60).
1762588623: No will message specified.
1762588623: Sending CONNACK to auto-BFDE84C7-AFCE-08DA-D8DC-D75F964C5C2C (0, 0)
1762588623: Received PUBLISH from auto-BFDE84C7-AFCE-08DA-D8DC-D75F964C5C2C (d0, q0, r0, m0, 'mission/drone/1/command', ... (16 bytes))
1762588623: Sending PUBLISH to illuminate-bridge-1762588453 (d0, q0, r0, m0, 'mission/drone/1/command', ... (16 bytes))
1762588623: Received DISCONNECT from auto-BFDE84C7-AFCE-08DA-D8DC-D75F964C5C2C
1762588623: Client auto-BFDE84C7-AFCE-08DA-D8DC-D75F964C5C2C disconnected.
1762588635: Received PINGREQ from illuminate-bridge-1762588453
1762588635: Sending PINGRESP to illuminate-bridge-1762588453
1762588662: mosquitto version 2.0.22 terminating
